0 info it worked if it ends with ok
1 verbose cli [ '/usr/local/bin/node',
1 verbose cli   '/usr/local/bin/npm',
1 verbose cli   'install',
1 verbose cli   '-g',
1 verbose cli   'typescript-formatter' ]
2 info using npm@2.15.5
3 info using node@v4.4.5
4 verbose install initial load of /usr/local/lib/package.json
5 verbose readDependencies loading dependencies from /usr/local/lib/package.json
6 silly cache add args [ 'typescript-formatter', null ]
7 verbose cache add spec typescript-formatter
8 silly cache add parsed spec Result {
8 silly cache add   raw: 'typescript-formatter',
8 silly cache add   scope: null,
8 silly cache add   name: 'typescript-formatter',
8 silly cache add   rawSpec: '',
8 silly cache add   spec: 'latest',
8 silly cache add   type: 'tag' }
9 silly addNamed typescript-formatter@latest
10 verbose addNamed "latest" is being treated as a dist-tag for typescript-formatter
11 info addNameTag [ 'typescript-formatter', 'latest' ]
12 silly mapToRegistry name typescript-formatter
13 silly mapToRegistry using default registry
14 silly mapToRegistry registry https://registry.npmjs.org/
15 silly mapToRegistry data Result {
15 silly mapToRegistry   raw: 'typescript-formatter',
15 silly mapToRegistry   scope: null,
15 silly mapToRegistry   name: 'typescript-formatter',
15 silly mapToRegistry   rawSpec: '',
15 silly mapToRegistry   spec: 'latest',
15 silly mapToRegistry   type: 'tag' }
16 silly mapToRegistry uri https://registry.npmjs.org/typescript-formatter
17 verbose addNameTag registry:https://registry.npmjs.org/typescript-formatter not in flight; fetching
18 verbose request uri https://registry.npmjs.org/typescript-formatter
19 verbose request no auth needed
20 info attempt registry request try #1 at 10:28:05 PM
21 verbose request id 89538acf52d71530
22 verbose etag "BZMP9BUE5TRBT5T9P2F3LA999"
23 http request GET https://registry.npmjs.org/typescript-formatter
24 http 304 https://registry.npmjs.org/typescript-formatter
25 verbose headers { date: 'Thu, 02 Jun 2016 21:28:05 GMT',
25 verbose headers   via: '1.1 varnish',
25 verbose headers   'cache-control': 'max-age=300',
25 verbose headers   etag: '"BZMP9BUE5TRBT5T9P2F3LA999"',
25 verbose headers   age: '0',
25 verbose headers   connection: 'keep-alive',
25 verbose headers   'x-served-by': 'cache-lcy1135-LCY',
25 verbose headers   'x-cache': 'HIT',
25 verbose headers   'x-cache-hits': '1',
25 verbose headers   'x-timer': 'S1464902885.296583,VS0,VE689',
25 verbose headers   vary: 'Accept-Encoding' }
26 silly get cb [ 304,
26 silly get   { date: 'Thu, 02 Jun 2016 21:28:05 GMT',
26 silly get     via: '1.1 varnish',
26 silly get     'cache-control': 'max-age=300',
26 silly get     etag: '"BZMP9BUE5TRBT5T9P2F3LA999"',
26 silly get     age: '0',
26 silly get     connection: 'keep-alive',
26 silly get     'x-served-by': 'cache-lcy1135-LCY',
26 silly get     'x-cache': 'HIT',
26 silly get     'x-cache-hits': '1',
26 silly get     'x-timer': 'S1464902885.296583,VS0,VE689',
26 silly get     vary: 'Accept-Encoding' } ]
27 verbose etag https://registry.npmjs.org/typescript-formatter from cache
28 verbose get saving typescript-formatter to /Users/elliotgreenwood/.npm/registry.npmjs.org/typescript-formatter/.cache.json
29 verbose correctMkdir /Users/elliotgreenwood/.npm correctMkdir not in flight; initializing
30 silly addNameTag next cb for typescript-formatter with tag latest
31 silly addNamed typescript-formatter@2.2.0
32 verbose addNamed "2.2.0" is a plain semver version for typescript-formatter
33 silly cache afterAdd typescript-formatter@2.2.0
34 verbose afterAdd /Users/elliotgreenwood/.npm/typescript-formatter/2.2.0/package/package.json not in flight; writing
35 verbose correctMkdir /Users/elliotgreenwood/.npm correctMkdir not in flight; initializing
36 verbose afterAdd /Users/elliotgreenwood/.npm/typescript-formatter/2.2.0/package/package.json written
37 silly install resolved [ { name: 'typescript-formatter',
37 silly install resolved     version: '2.2.0',
37 silly install resolved     description: 'Formatter of TypeScript code',
37 silly install resolved     main: './index',
37 silly install resolved     bin: { tsfmt: './bin/tsfmt' },
37 silly install resolved     scripts:
37 silly install resolved      { setup: 'grunt setup',
37 silly install resolved        build: 'grunt default',
37 silly install resolved        test: 'grunt test' },
37 silly install resolved     keywords: [ 'TypeScript' ],
37 silly install resolved     author: { name: 'vvakame+dev@gmail.com' },
37 silly install resolved     license: 'MIT',
37 silly install resolved     homepage: 'https://github.com/vvakame/typescript-formatter',
37 silly install resolved     repository:
37 silly install resolved      { type: 'git',
37 silly install resolved        url: 'git+ssh://git@github.com/vvakame/typescript-formatter.git' },
37 silly install resolved     bugs: { url: 'https://github.com/vvakame/typescript-formatter/issues' },
37 silly install resolved     engines: { node: '>= 4.2.0' },
37 silly install resolved     directories: { example: 'example', test: 'test' },
37 silly install resolved     dependencies:
37 silly install resolved      { commandpost: '^1.0.0',
37 silly install resolved        editorconfig: '^0.13.2',
37 silly install resolved        'glob-expand': '^0.1.0' },
37 silly install resolved     peerDependencies: { typescript: '^1.0.0 || >=1.8.0-dev || >=1.9.0-dev' },
37 silly install resolved     devDependencies:
37 silly install resolved      { dtsm: '^1.1.0',
37 silly install resolved        'es6-promise': '^3.2.1',
37 silly install resolved        'espower-loader': '^1.0.0',
37 silly install resolved        grunt: '^1.0.1',
37 silly install resolved        'grunt-contrib-clean': '^1.0.0',
37 silly install resolved        'grunt-conventional-changelog': '^6.1.0',
37 silly install resolved        'grunt-dtsm': '^1.0.0',
37 silly install resolved        'grunt-exec': '^0.4.7',
37 silly install resolved        'grunt-mocha-test': '^0.12.7',
37 silly install resolved        'grunt-ts': '^5.5.0-beta.2',
37 silly install resolved        'grunt-tsconfig-update': '^0.0.1',
37 silly install resolved        'grunt-tslint': '^3.1.0',
37 silly install resolved        'load-grunt-tasks': '^3.5.0',
37 silly install resolved        mocha: '^2.4.5',
37 silly install resolved        'power-assert': '^1.2.0',
37 silly install resolved        tslint: '^3.5.0',
37 silly install resolved        typescript: '^1.8.10' },
37 silly install resolved     gitHead: '244b763f9c25d63d79c86ebff2bd0cee5b964879',
37 silly install resolved     _id: 'typescript-formatter@2.2.0',
37 silly install resolved     _shasum: '1cf476d81e18eafec943238e9f91d10867e6a269',
37 silly install resolved     _from: 'typescript-formatter@latest',
37 silly install resolved     _npmVersion: '3.8.3',
37 silly install resolved     _nodeVersion: '5.10.1',
37 silly install resolved     _npmUser: { name: 'vvakame', email: 'vvakame@gmail.com' },
37 silly install resolved     maintainers: [ [Object] ],
37 silly install resolved     dist:
37 silly install resolved      { shasum: '1cf476d81e18eafec943238e9f91d10867e6a269',
37 silly install resolved        tarball: 'https://registry.npmjs.org/typescript-formatter/-/typescript-formatter-2.2.0.tgz' },
37 silly install resolved     _npmOperationalInternal:
37 silly install resolved      { host: 'packages-16-east.internal.npmjs.com',
37 silly install resolved        tmp: 'tmp/typescript-formatter-2.2.0.tgz_1463235541996_0.6145333123859018' },
37 silly install resolved     _resolved: 'https://registry.npmjs.org/typescript-formatter/-/typescript-formatter-2.2.0.tgz',
37 silly install resolved     readme: 'ERROR: No README data found!' } ]
38 info install typescript-formatter@2.2.0 into /usr/local/lib
39 info installOne typescript-formatter@2.2.0
40 verbose installOne of typescript-formatter to /usr/local/lib not in flight; installing
41 verbose correctMkdir /Users/elliotgreenwood/.npm/_locks correctMkdir not in flight; initializing
42 verbose lock using /Users/elliotgreenwood/.npm/_locks/typescript-formatter-d5b5137c72b02798.lock for /usr/local/lib/node_modules/typescript-formatter
43 silly install write writing typescript-formatter 2.2.0 to /usr/local/lib/node_modules/typescript-formatter
44 verbose unbuild lib/node_modules/typescript-formatter
45 silly gentlyRm /usr/local/lib/node_modules/typescript-formatter is being purged from base /usr/local
46 verbose gentlyRm don't care about contents; nuking /usr/local/lib/node_modules/typescript-formatter
47 verbose tar unpack /Users/elliotgreenwood/.npm/typescript-formatter/2.2.0/package.tgz
48 verbose tar unpacking to /usr/local/lib/node_modules/typescript-formatter
49 silly gentlyRm /usr/local/lib/node_modules/typescript-formatter is being purged
50 verbose gentlyRm don't care about contents; nuking /usr/local/lib/node_modules/typescript-formatter
51 silly gunzTarPerm modes [ '755', '644' ]
52 error tar.unpack untar error /Users/elliotgreenwood/.npm/typescript-formatter/2.2.0/package.tgz
53 verbose unlock done using /Users/elliotgreenwood/.npm/_locks/typescript-formatter-d5b5137c72b02798.lock for /usr/local/lib/node_modules/typescript-formatter
54 verbose fstream_path /usr/local/lib/node_modules/typescript-formatter
55 verbose fstream_type Directory
56 verbose fstream_class DirWriter
57 verbose stack Error: EACCES: permission denied, mkdir '/usr/local/lib/node_modules/typescript-formatter'
57 verbose stack     at Error (native)
58 verbose fstream_stack /usr/local/lib/node_modules/npm/node_modules/fstream/lib/dir-writer.js:35:25
58 verbose fstream_stack /usr/local/lib/node_modules/npm/node_modules/mkdirp/index.js:47:53
58 verbose fstream_stack FSReqWrap.oncomplete (fs.js:82:15)
59 verbose cwd /Users/elliotgreenwood/Elliot Greenwood/G/go/src/github.com/egnwd/outgain
60 error Darwin 15.4.0
61 error argv "/usr/local/bin/node" "/usr/local/bin/npm" "install" "-g" "typescript-formatter"
62 error node v4.4.5
63 error npm  v2.15.5
64 error path /usr/local/lib/node_modules/typescript-formatter
65 error code EACCES
66 error errno -13
67 error syscall mkdir
68 error Error: EACCES: permission denied, mkdir '/usr/local/lib/node_modules/typescript-formatter'
68 error     at Error (native)
68 error  { [Error: EACCES: permission denied, mkdir '/usr/local/lib/node_modules/typescript-formatter']
68 error   errno: -13,
68 error   code: 'EACCES',
68 error   syscall: 'mkdir',
68 error   path: '/usr/local/lib/node_modules/typescript-formatter',
68 error   fstream_type: 'Directory',
68 error   fstream_path: '/usr/local/lib/node_modules/typescript-formatter',
68 error   fstream_class: 'DirWriter',
68 error   fstream_stack:
68 error    [ '/usr/local/lib/node_modules/npm/node_modules/fstream/lib/dir-writer.js:35:25',
68 error      '/usr/local/lib/node_modules/npm/node_modules/mkdirp/index.js:47:53',
68 error      'FSReqWrap.oncomplete (fs.js:82:15)' ] }
69 error Please try running this command again as root/Administrator.
70 verbose exit [ -13, true ]
71 verbose unbuild lib/node_modules/typescript-formatter
72 silly gentlyRm /usr/local/lib/node_modules/typescript-formatter is being purged from base /usr/local
73 verbose gentlyRm don't care about contents; nuking /usr/local/lib/node_modules/typescript-formatter
